<?xml version="1.0" encoding="UTF-8"?>
<!-- Generated by org.testng.reporters.JUnitXMLReporter -->
<testsuite ignored="0" hostname="192.168.1.4" failures="0" tests="3" name="Surefire test" time="6.01" errors="0" timestamp="2023-11-18T04:34:06 EET">
  <testcase classname="com.qacart.todo.tastcases.LoginTest" name="shouldBeAbleToLoginWithEmailAndPassword" time="1.333"/>
  <testcase classname="com.qacart.todo.tastcases.TodoTest" name="shouldBeAbleToAddNewTodo" time="3.539"/>
  <testcase classname="com.qacart.todo.tastcases.TodoTest" name="shouldBeAbleToDeleteTodo" time="3.751"/>
</testsuite> <!-- Surefire test -->
