<?xml version="1.0" encoding="UTF-8"?>
<testsuite xmlns:xsi="http://www.w3.org/2001/XMLSchema-instance" xsi:noNamespaceSchemaLocation="https://maven.apache.org/surefire/maven-surefire-plugin/xsd/surefire-test-report-3.0.xsd" version="3.0" name="TestSuite" time="6.452" tests="3" errors="0" skipped="0" failures="0">
  <properties>
[...]
</properties>
  <testcase name="shouldBeAbleToLoginWithEmailAndPassword" classname="com.qacart.todo.tastcases.LoginTest" time="1.339">
    <system-out><![CDATA[Request method:	POST
Request URI:	https://todo.qacart.com/api/v1/users/register
Proxy:			<none>
Request params:	<none>
Query params:	<none>
Form params:	<none>
Path params:	<none>
Headers:		Accept=*/*
				Content-Type=application/json
Cookies:		<none>
Multiparts:		<none>
Body:
{
    "email": "regenia.braun@gmail.com",
    "password": "f40lhzjdle3",
    "firstName": "Chester",
    "lastName": "Abbott"
}
Request method:	POST
Request URI:	https://todo.qacart.com/api/v1/users/register
Proxy:			<none>
Request params:	<none>
Query params:	<none>
Form params:	<none>
Path params:	<none>
Headers:		Accept=*/*
				Content-Type=application/json
Cookies:		<none>
Multiparts:		<none>
Body:
{
    "email": "wilma.jerde@gmail.com",
    "password": "96app7z92654s",
    "firstName": "Luciana",
    "lastName": "Romaguera"
}
]]></system-out>
    <system-err><![CDATA[SLF4J: Failed to load class "org.slf4j.impl.StaticLoggerBinder".
SLF4J: Defaulting to no-operation (NOP) logger implementation
SLF4J: See http://www.slf4j.org/codes.html#StaticLoggerBinder for further details.
]]></system-err>
  </testcase>
  <testcase name="shouldBeAbleToAddNewTodo" classname="com.qacart.todo.tastcases.TodoTest" time="3.538">
    <system-out><![CDATA[HTTP/1.1 201 Created
Server: Cowboy
Report-To: {"group":"heroku-nel","max_age":3600,"endpoints":[{"url":"https://nel.heroku.com/reports?ts=1700274843&sid=812dcc77-0bd0-43b1-a5f1-b25750382959&s=vJmf5XQOvq5p5sObZhKOrpHUjPIyxpLkkvLKslmAdkI%3D"}]}
Reporting-Endpoints: heroku-nel=https://nel.heroku.com/reports?ts=1700274843&sid=812dcc77-0bd0-43b1-a5f1-b25750382959&s=vJmf5XQOvq5p5sObZhKOrpHUjPIyxpLkkvLKslmAdkI%3D
Nel: {"report_to":"heroku-nel","max_age":3600,"success_fraction":0.005,"failure_fraction":0.05,"response_headers":["Via"]}
Connection: keep-alive
X-Powered-By: Express
Access-Control-Allow-Origin: *
Set-Cookie: access_token=eyJhbGciOiJIUzI1NiIsInR5cCI6IkpXVCJ9.eyJpZCI6IjY1NTgyMjliNDJiZDcwMDAxNGZkNWVjMiIsImZpcnN0TmFtZSI6Ikx1Y2lhbmEiLCJsYXN0TmFtZSI6IlJvbWFndWVyYSIsImlhdCI6MTcwMDI3NDg0M30.ruacTjs35Zr7mluP9ObbOmjhsAf6wo_ToiWAXUWeUlw; Path=/
Set-Cookie: userID=j%3A%226558229b42bd700014fd5ec2%22; Path=/
Set-Cookie: firstName=Luciana; Path=/
Content-Type: application/json; charset=utf-8
Content-Length: 285
Etag: W/"11d-3oDs6JFEhdWJ3yr94Q3iJ5dfN9Y"
Date: Sat, 18 Nov 2023 02:34:03 GMT
Via: 1.1 vegur

{
    "access_token": "eyJhbGciOiJIUzI1NiIsInR5cCI6IkpXVCJ9.eyJpZCI6IjY1NTgyMjliNDJiZDcwMDAxNGZkNWVjMiIsImZpcnN0TmFtZSI6Ikx1Y2lhbmEiLCJsYXN0TmFtZSI6IlJvbWFndWVyYSIsImlhdCI6MTcwMDI3NDg0M30.ruacTjs35Zr7mluP9ObbOmjhsAf6wo_ToiWAXUWeUlw",
    "userID": "6558229b42bd700014fd5ec2",
    "firstName": "Luciana"
}
HTTP/1.1 201 Created
Server: Cowboy
Report-To: {"group":"heroku-nel","max_age":3600,"endpoints":[{"url":"https://nel.heroku.com/reports?ts=1700274843&sid=812dcc77-0bd0-43b1-a5f1-b25750382959&s=vJmf5XQOvq5p5sObZhKOrpHUjPIyxpLkkvLKslmAdkI%3D"}]}
Reporting-Endpoints: heroku-nel=https://nel.heroku.com/reports?ts=1700274843&sid=812dcc77-0bd0-43b1-a5f1-b25750382959&s=vJmf5XQOvq5p5sObZhKOrpHUjPIyxpLkkvLKslmAdkI%3D
Nel: {"report_to":"heroku-nel","max_age":3600,"success_fraction":0.005,"failure_fraction":0.05,"response_headers":["Via"]}
Connection: keep-alive
X-Powered-By: Express
Access-Control-Allow-Origin: *
Set-Cookie: access_token=eyJhbGciOiJIUzI1NiIsInR5cCI6IkpXVCJ9.eyJpZCI6IjY1NTgyMjliNDJiZDcwMDAxNGZkNWVjNCIsImZpcnN0TmFtZSI6IkNoZXN0ZXIiLCJsYXN0TmFtZSI6IkFiYm90dCIsImlhdCI6MTcwMDI3NDg0M30.oInWn-VNsHr96nv55k38UgaGntdWhw7PmgOeRZWI3WE; Path=/
Set-Cookie: userID=j%3A%226558229b42bd700014fd5ec4%22; Path=/
Set-Cookie: firstName=Chester; Path=/
Content-Type: application/json; charset=utf-8
Content-Length: 281
Etag: W/"119-x1crHPCaX3ukl8+9Cxrd7adkQsM"
Date: Sat, 18 Nov 2023 02:34:03 GMT
Via: 1.1 vegur

{
    "access_token": "eyJhbGciOiJIUzI1NiIsInR5cCI6IkpXVCJ9.eyJpZCI6IjY1NTgyMjliNDJiZDcwMDAxNGZkNWVjNCIsImZpcnN0TmFtZSI6IkNoZXN0ZXIiLCJsYXN0TmFtZSI6IkFiYm90dCIsImlhdCI6MTcwMDI3NDg0M30.oInWn-VNsHr96nv55k38UgaGntdWhw7PmgOeRZWI3WE",
    "userID": "6558229b42bd700014fd5ec4",
    "firstName": "Chester"
}
HTTP/1.1 201 Created
Server: Cowboy
Report-To: {"group":"heroku-nel","max_age":3600,"endpoints":[{"url":"https://nel.heroku.com/reports?ts=1700274844&sid=812dcc77-0bd0-43b1-a5f1-b25750382959&s=p4dLWo7OYAplZNAt3taWIj8hA2JnFWOcbj7WKNhHpe8%3D"}]}
Reporting-Endpoints: heroku-nel=https://nel.heroku.com/reports?ts=1700274844&sid=812dcc77-0bd0-43b1-a5f1-b25750382959&s=p4dLWo7OYAplZNAt3taWIj8hA2JnFWOcbj7WKNhHpe8%3D
Nel: {"report_to":"heroku-nel","max_age":3600,"success_fraction":0.005,"failure_fraction":0.05,"response_headers":["Via"]}
Connection: keep-alive
X-Powered-By: Express
Access-Control-Allow-Origin: *
Content-Type: application/json; charset=utf-8
Content-Length: 161
Etag: W/"a1-ilk0kxA0njnXJvNtHrHuq60PFQ0"
Date: Sat, 18 Nov 2023 02:34:04 GMT
Via: 1.1 vegur

{
    "isCompleted": false,
    "_id": "6558229c42bd700014fd5ec6",
    "item": "Learn Selenium",
    "userID": "6558229b42bd700014fd5ec2",
    "createdAt": "2023-11-18T02:34:04.535Z",
    "__v": 0
}
Cookies Added
]]></system-out>
  </testcase>
  <testcase name="shouldBeAbleToDeleteTodo" classname="com.qacart.todo.tastcases.TodoTest" time="3.749"/>
</testsuite>