<?xml version="1.0" encoding="UTF-8"?>
<testng-results ignored="0" total="3" passed="3" failed="0" skipped="0">
  <reporter-output>
  </reporter-output>
  <suite started-at="2023-11-18T04:34:00 EET" name="Surefire suite" finished-at="2023-11-18T04:34:06 EET" duration-ms="6010">
    <groups>
    </groups>
    <test started-at="2023-11-18T04:34:00 EET" name="Surefire test" finished-at="2023-11-18T04:34:06 EET" duration-ms="6010">
      <class name="com.qacart.todo.tastcases.LoginTest">
        <test-method is-config="true" signature="setup()[pri:0, instance:com.qacart.todo.tastcases.LoginTest@2a27cb34]" started-at="2023-11-18T04:34:00 EET" name="setup" finished-at="2023-11-18T04:34:02 EET" duration-ms="1941" status="PASS">
          <reporter-output>
          </reporter-output>
        </test-method> <!-- setup -->
        <test-method signature="shouldBeAbleToLoginWithEmailAndPassword()[pri:0, instance:com.qacart.todo.tastcases.LoginTest@2a27cb34]" started-at="2023-11-18T04:34:02 EET" name="shouldBeAbleToLoginWithEmailAndPassword" description="Test the login functionality using email and password" finished-at="2023-11-18T04:34:03 EET" duration-ms="1333" status="PASS">
          <reporter-output>
          </reporter-output>
        </test-method> <!-- shouldBeAbleToLoginWithEmailAndPassword -->
        <test-method is-config="true" signature="tearDown(org.testng.ITestResult)[pri:0, instance:com.qacart.todo.tastcases.LoginTest@2a27cb34]" started-at="2023-11-18T04:34:03 EET" name="tearDown" finished-at="2023-11-18T04:34:03 EET" duration-ms="257" status="PASS">
          <params>
            <param index="0">
              <value>
                <![CDATA[[TestResult name=shouldBeAbleToLoginWithEmailAndPassword status=SUCCESS method=LoginTest.shouldBeAbleToLoginWithEmailAndPassword()[pri:0, instance:com.qacart.todo.tastcases.LoginTest@2a27cb34] output={null}]]]>
              </value>
            </param>
          </params>
          <reporter-output>
          </reporter-output>
        </test-method> <!-- tearDown -->
      </class> <!-- com.qacart.todo.tastcases.LoginTest -->
      <class name="com.qacart.todo.tastcases.TodoTest">
        <test-method is-config="true" signature="setup()[pri:0, instance:com.qacart.todo.tastcases.TodoTest@287f7811]" started-at="2023-11-18T04:34:00 EET" name="setup" finished-at="2023-11-18T04:34:02 EET" duration-ms="1941" status="PASS">
          <reporter-output>
          </reporter-output>
        </test-method> <!-- setup -->
        <test-method is-config="true" signature="setup()[pri:0, instance:com.qacart.todo.tastcases.TodoTest@287f7811]" started-at="2023-11-18T04:34:00 EET" name="setup" finished-at="2023-11-18T04:34:02 EET" duration-ms="1941" status="PASS">
          <reporter-output>
          </reporter-output>
        </test-method> <!-- setup -->
        <test-method signature="shouldBeAbleToAddNewTodo()[pri:0, instance:com.qacart.todo.tastcases.TodoTest@287f7811]" started-at="2023-11-18T04:34:02 EET" name="shouldBeAbleToAddNewTodo" description="should be able to add a new todo" finished-at="2023-11-18T04:34:05 EET" duration-ms="3539" status="PASS">
          <reporter-output>
          </reporter-output>
        </test-method> <!-- shouldBeAbleToAddNewTodo -->
        <test-method signature="shouldBeAbleToDeleteTodo()[pri:0, instance:com.qacart.todo.tastcases.TodoTest@287f7811]" started-at="2023-11-18T04:34:02 EET" name="shouldBeAbleToDeleteTodo" description="should be able to delete a todo" finished-at="2023-11-18T04:34:05 EET" duration-ms="3751" status="PASS">
          <reporter-output>
          </reporter-output>
        </test-method> <!-- shouldBeAbleToDeleteTodo -->
        <test-method is-config="true" signature="tearDown(org.testng.ITestResult)[pri:0, instance:com.qacart.todo.tastcases.TodoTest@287f7811]" started-at="2023-11-18T04:34:05 EET" name="tearDown" finished-at="2023-11-18T04:34:05 EET" duration-ms="262" status="PASS">
          <params>
            <param index="0">
              <value>
                <![CDATA[[TestResult name=shouldBeAbleToAddNewTodo status=SUCCESS method=TodoTest.shouldBeAbleToAddNewTodo()[pri:0, instance:com.qacart.todo.tastcases.TodoTest@287f7811] output={null}]]]>
              </value>
            </param>
          </params>
          <reporter-output>
          </reporter-output>
        </test-method> <!-- tearDown -->
        <test-method is-config="true" signature="tearDown(org.testng.ITestResult)[pri:0, instance:com.qacart.todo.tastcases.TodoTest@287f7811]" started-at="2023-11-18T04:34:05 EET" name="tearDown" finished-at="2023-11-18T04:34:06 EET" duration-ms="250" status="PASS">
          <params>
            <param index="0">
              <value>
                <![CDATA[[TestResult name=shouldBeAbleToDeleteTodo status=SUCCESS method=TodoTest.shouldBeAbleToDeleteTodo()[pri:0, instance:com.qacart.todo.tastcases.TodoTest@287f7811] output={null}]]]>
              </value>
            </param>
          </params>
          <reporter-output>
          </reporter-output>
        </test-method> <!-- tearDown -->
      </class> <!-- com.qacart.todo.tastcases.TodoTest -->
    </test> <!-- Surefire test -->
  </suite> <!-- Surefire suite -->
</testng-results>
